nohup: ignoring input
2016-10-21 07:05:35.221+0000 INFO  No SSL certificate found, generating a self-signed certificate..
2016-10-21 07:05:37.449+0000 INFO  Starting...
2016-10-21 07:05:41.429+0000 INFO  Bolt enabled on localhost:7687.
2016-10-21 07:06:18.452+0000 INFO  Started.
2016-10-21 07:06:32.722+0000 INFO  Remote interface available at http://localhost:7474/
2016-10-21 07:07:53.006+0000 INFO  Neo4j Server shutdown initiated by request
2016-10-21 07:07:54.950+0000 INFO  Stopping...
2016-10-21 07:07:58.000+0000 INFO  Stopped.
nohup: ignoring input
2016-10-21 07:10:47.465+0000 INFO  Starting...
2016-10-21 07:11:07.318+0000 INFO  Bolt enabled on localhost:7687.
2016-10-21 07:11:58.720+0000 INFO  Started.
2016-10-21 07:12:19.241+0000 INFO  Remote interface available at http://localhost:7474/
2016-10-21 07:12:19.305+0000 INFO  Neo4j Server shutdown initiated by request
2016-10-21 07:12:19.542+0000 INFO  Stopping...
2016-10-21 07:12:20.156+0000 INFO  Stopped.
nohup: ignoring input
2016-10-21 07:12:29.606+0000 INFO  Starting...
2016-10-21 07:12:33.608+0000 INFO  Bolt enabled on localhost:7687.
2016-10-21 07:13:15.306+0000 INFO  Started.
2016-10-21 07:13:29.849+0000 INFO  Remote interface available at http://localhost:7474/
2016-10-21 07:16:58.692+0000 INFO  Neo4j Server shutdown initiated by request
2016-10-21 07:17:00.326+0000 INFO  Stopping...
2016-10-21 07:17:02.461+0000 INFO  Stopped.
nohup: ignoring input
2016-10-21 07:20:57.691+0000 INFO  Starting...
2016-10-21 07:21:13.034+0000 INFO  Bolt enabled on localhost:7687.
2016-10-21 07:21:59.397+0000 INFO  Started.
2016-10-21 07:22:13.027+0000 INFO  Remote interface available at http://localhost:7474/
2016-10-21 07:43:26.979+0000 INFO  Neo4j Server shutdown initiated by request
2016-10-21 07:43:28.595+0000 INFO  Stopping...
2016-10-21 07:43:30.069+0000 INFO  Stopped.
nohup: ignoring input
2016-10-21 07:53:55.123+0000 INFO  Starting...
2016-10-21 07:54:02.912+0000 INFO  Bolt enabled on localhost:7687.
2016-10-21 07:54:51.233+0000 INFO  Started.
2016-10-21 07:55:07.451+0000 INFO  Remote interface available at http://localhost:7474/
2016-10-24 23:37:27.645+0000 WARN  Failed authentication attempt for ''
2016-10-24 23:50:23.685+0000 INFO  Neo4j Server shutdown initiated by request
2016-10-24 23:50:30.935+0000 INFO  Stopping...
2016-10-24 23:50:34.597+0000 INFO  Stopped.
nohup: ignoring input
2016-10-25 00:33:37.851+0000 INFO  Starting...
2016-10-25 00:33:55.771+0000 INFO  Bolt enabled on localhost:7687.
2016-10-25 00:35:22.236+0000 INFO  Started.
2016-10-25 00:35:46.734+0000 INFO  Remote interface available at http://localhost:7474/
